apps/android-minify-smoke/build/outputs/mapping/release/seeds.txt
dev.sinua.minifysmoke.MainActivity
dev.sinua.minifysmoke.MainActivity: MainActivity()
...
androidx.core.view.ViewCompat$Api28Impl: void setScreenReaderFocusable(android.view.View,boolean)
uniffi.core_engine.FillGradient: void setKind-7apg3OU(byte)
androidx.compose.ui.platform.ViewLayer: androidx.compose.ui.platform.DrawChildContainer getContainer()
uniffi.core_engine.FfiConverterOptionalMapStringDouble: void write(java.lang.Object,java.nio.ByteBuffer)
com.sun.jna.Memory: void read(long,int[],int,int)
uniffi.core_engine.FxCost: int component6-pVg5ArA()
com.sun.jna.Native: boolean isUnpacked(java.io.File)
uniffi.core_engine.FfiConverterTypeFxCost: uniffi.core_engine.FxCost lift(uniffi.core_engine.RustBuffer$ByValue)
com.sun.jna.Function: boolean isVarArgs(java.lang.reflect.Method)
uniffi.core_engine.FfiConverterTypePolyline: long allocationSize-I7RO_PI(java.lang.Object)
com.sun.jna.Structure: java.lang.String toString()
uniffi.core_engine.FfiConverterTypeColorMode: java.lang.Object lift(java.lang.Object)
com.sun.jna.NativeLibrary: long getSymbolAddress(java.lang.String)
uniffi.core_engine.UniffiForeignFutureResultI8: UniffiForeignFutureResultI8()
uniffi.core_engine.FfiConverterTypeGradientStop: uniffi.core_engine.GradientStop read(java.nio.ByteBuffer)
com.sun.jna.Structure: void useMemory(com.sun.jna.Pointer,int)
uniffi.core_engine.FfiConverterUByte: java.lang.Object read(java.nio.ByteBuffer)
com.sun.jna.Union: void setType(java.lang.String)
uniffi.core_engine.FfiConverterOptionalTypeFxHsl: FfiConverterOptionalTypeFxHsl()
com.sun.jna.Native: int getStructureAlignment(java.lang.Class)
uniffi.core_engine.FfiConverterTypeGradientStop: java.lang.Object lift(uniffi.core_engine.RustBuffer$ByValue)
uniffi.core_engine.FfiConverterSequenceTypePoint: void write(java.lang.Object,java.nio.ByteBuffer)
uniffi.core_engine.Line: Line(double,double,double,double,double,double,double,double,double)
com.sun.jna.Native: java.io.File getTempDir()
uniffi.core_engine.FfiConverterSequenceSequenceTypePoint: FfiConverterSequenceSequenceTypePoint()
uniffi.core_engine.IntegrityCheckingUniffiLib: int uniffi_core_engine_checksum_func_fx_color_to_hsl()
uniffi.core_engine.FfiConverterUInt: java.lang.Object lift(java.lang.Object)
android.support.v4.app.RemoteActionCompatParcelizer: RemoteActionCompatParcelizer()
uniffi.core_engine.ResolvedOpts: void setOpts(java.util.Map)
uniffi.core_engine.OrbFrame: void setPolylines(java.util.List)
uniffi.core_engine.FfiConverterTypeFxHsl: java.lang.Object liftFromRustBuffer(uniffi.core_engine.RustBuffer$ByValue)
uniffi.core_engine.FfiConverterByRefBytes: uniffi.core_engine.RustBuffer$ByValue lowerIntoRustBuffer(java.lang.Object)
androidx.core.view.ViewCompat$Api28Impl: void removeOnUnhandledKeyEventListener(android.view.View,androidx.core.view.ViewCompat$OnUnhandledKeyEventListenerCompat)
com.sun.jna.Function: boolean isPrimitiveArray(java.lang.Class)
com.sun.jna.Pointer: void setWideString(long,java.lang.String)
androidx.lifecycle.ReportFragment$LifecycleCallbacks: void onActivityPostStarted(android.app.Activity)
uniffi.core_engine.FfiConverterOptionalTypeFxHsl: java.lang.Object liftFromRustBuffer(uniffi.core_engine.RustBuffer$ByValue)
com.sun.jna.Native: java.lang.Class getCallingClass()
uniffi.core_engine.FfiConverterSequenceTypeDot: java.lang.Object liftFromRustBuffer(uniffi.core_engine.RustBuffer$ByValue)
androidx.compose.ui.platform.AndroidComposeView: long getMeasureIteration()
com.sun.jna.Native$4: java.lang.Object run()
uniffi.core_engine.Line: boolean equals(java.lang.Object)
kotlinx.coroutines.channels.BufferOverflow: kotlinx.coroutines.channels.BufferOverflow[] values()
androidx.compose.ui.platform.AbstractComposeView: boolean getHasComposition()
uniffi.core_engine.UniffiForeignFutureResultF64: UniffiForeignFutureResultF64(double,uniffi.core_engine.UniffiRustCallStatus$ByValue,int,kotlin.jvm.internal.DefaultConstructorMarker)
uniffi.core_engine.FfiConverterOptionalTypeFillGradient: java.lang.Object lower(java.lang.Object)
com.sun.jna.Native: byte[] getBytes(java.lang.String,java.nio.charset.Charset)