apps/android-minify-smoke/build/outputs/mapping/release/mapping.txt
# compiler: R8
# compiler_version: 8.7.18
# min_api: 24
# common_typos_disable
# {"id":"com.android.tools.r8.mapping","version":"2.2"}
# pg_map_id: 8bc907a
# pg_map_hash: SHA-256 8bc907a544b22b19708e32f279c86b5dfc89078b99a74cc449f7bfa3bd65f472
dev.sinua.minifysmoke.MainActivity -> dev.sinua.minifysmoke.MainActivity:
# {"id":"sourceFile","fileName":"MainActivity.kt"}
    boolean reported -> u
    1:4:void <init>():18:18 -> <init>
    1:3:void onCreate(android.os.Bundle):22:22 -> onCreate
    4:13:void onCreate(android.os.Bundle):23:23 -> onCreate
    14:32:void onCreate(android.os.Bundle):24:24 -> onCreate
    33:37:void onCreate(android.os.Bundle):25:25 -> onCreate
    38:46:androidx.compose.runtime.internal.ComposableLambda androidx.compose.runtime.internal.ComposableLambdaKt.composableLambdaInstance(int,boolean,java.lang.Object):620:620 -> onCreate
    38:46:void onCreate(android.os.Bundle):25 -> onCreate
    47:48:void onCreate(android.os.Bundle):25:25 -> onCreate
    49:59:void androidx.activity.compose.ComponentActivityKt.setContent(androidx.activity.ComponentActivity,androidx.compose.runtime.CompositionContext,kotlin.jvm.functions.Function2):55:55 -> onCreate
    49:59:void androidx.activity.compose.ComponentActivityKt.setContent$default(androidx.activity.ComponentActivity,androidx.compose.runtime.CompositionContext,kotlin.jvm.functions.Function2,int,java.lang.Object):51 -> onCreate
    49:59:void onCreate(android.os.Bundle):25 -> onCreate
    60:66:void androidx.activity.compose.ComponentActivityKt.setContent(androidx.activity.ComponentActivity,androidx.compose.runtime.CompositionContext,kotlin.jvm.functions.Function2):56:56 -> onCreate
dev.sinua.minifysmoke.MainActivity$onCreate$1 -> H0.b:
# {"id":"sourceFile","fileName":"MainActivity.kt"}
    dev.sinua.minifysmoke.MainActivity this$0 -> c
    1:6:void <init>(dev.sinua.minifysmoke.MainActivity):0:0 -> <init>
    1:17:java.lang.Object invoke(java.lang.Object,java.lang.Object):25:25 -> f
    18:24:void invoke(androidx.compose.runtime.Composer,int):26:26 -> f
    18:24:java.lang.Object invoke(java.lang.Object,java.lang.Object):25 -> f
    25:31:void invoke(androidx.compose.runtime.Composer,int):35:35 -> f
    25:31:java.lang.Object invoke(java.lang.Object,java.lang.Object):25 -> f
    32:49:void invoke(androidx.compose.runtime.Composer,int):28:28 -> f
    32:49:java.lang.Object invoke(java.lang.Object,java.lang.Object):25 -> f
    50:55:void invoke(androidx.compose.runtime.Composer,int):45:45 -> f
    50:55:java.lang.Object invoke(java.lang.Object,java.lang.Object):25 -> f
    56:59:void invoke(androidx.compose.runtime.Composer,int):46:46 -> f
    56:59:java.lang.Object invoke(java.lang.Object,java.lang.Object):25 -> f
    60:65:void invoke(androidx.compose.runtime.Composer,int):29:29 -> f
    60:65:java.lang.Object invoke(java.lang.Object,java.lang.Object):25 -> f
    66:68:void invoke(androidx.compose.runtime.Composer,int):48:48 -> f
    66:68:java.lang.Object invoke(java.lang.Object,java.lang.Object):25 -> f
    69:73:void invoke(androidx.compose.runtime.Composer,int):29:29 -> f
    69:73:java.lang.Object invoke(java.lang.Object,java.lang.Object):25 -> f
...
androidx.compose.ui.text.SaversKt$AnnotatedStringSaver$1 -> a0.j:
# {"id":"sourceFile","fileName":"Savers.kt"}
    int a0.SaversKt$AnnotatedStringSaver$1.$r8$classId -> d
      # {"id":"com.android.tools.r8.synthesized"}
    androidx.compose.ui.text.SaversKt$AnnotatedStringSaver$1 INSTANCE -> e
      # {"id":"com.android.tools.r8.residualsignature","signature":"La0/j;"}
    androidx.compose.ui.text.SaversKt$AnnotationRangeListSaver$1 androidx.compose.ui.text.SaversKt$AnnotationRangeListSaver$1.INSTANCE -> f
      # {"id":"com.android.tools.r8.residualsignature","signature":"La0/j;"}
    androidx.compose.ui.text.SaversKt$AnnotationRangeSaver$1 androidx.compose.ui.text.SaversKt$AnnotationRangeSaver$1.INSTANCE -> g
      # {"id":"com.android.tools.r8.residualsignature","signature":"La0/j;"}
    androidx.compose.ui.text.SaversKt$BaselineShiftSaver$1 androidx.compose.ui.text.SaversKt$BaselineShiftSaver$1.INSTANCE -> h
      # {"id":"com.android.tools.r8.residualsignature","signature":"La0/j;"}
    androidx.compose.ui.text.SaversKt$ClickableSaver$1 androidx.compose.ui.text.SaversKt$ClickableSaver$1.INSTANCE -> i
      # {"id":"com.android.tools.r8.residualsignature","signature":"La0/j;"}
    androidx.compose.ui.text.SaversKt$ColorSaver$1 androidx.compose.ui.text.SaversKt$ColorSaver$1.INSTANCE -> j
      # {"id":"com.android.tools.r8.residualsignature","signature":"La0/j;"}
androidx.compose.ui.text.SaversKt$AnnotatedStringSaver$2 -> a0.k:
# {"id":"sourceFile","fileName":"Savers.kt"}
    int a0.SaversKt$AnnotatedStringSaver$2.$r8$classId -> d
      # {"id":"com.android.tools.r8.synthesized"}
    androidx.compose.ui.text.SaversKt$AnnotatedStringSaver$2 INSTANCE -> e
      # {"id":"com.android.tools.r8.residualsignature","signature":"La0/k;"}
    androidx.compose.ui.text.SaversKt$AnnotationRangeListSaver$2 androidx.compose.ui.text.SaversKt$AnnotationRangeListSaver$2.INSTANCE -> f
      # {"id":"com.android.tools.r8.residualsignature","signature":"La0/k;"}
    androidx.compose.ui.text.SaversKt$AnnotationRangeSaver$2 androidx.compose.ui.text.SaversKt$AnnotationRangeSaver$2.INSTANCE -> g
      # {"id":"com.android.tools.r8.residualsignature","signature":"La0/k;"}
    androidx.compose.ui.text.SaversKt$BaselineShiftSaver$2 androidx.compose.ui.text.SaversKt$BaselineShiftSaver$2.INSTANCE -> h
      # {"id":"com.android.tools.r8.residualsignature","signature":"La0/k;"}
    androidx.compose.ui.text.SaversKt$ClickableSaver$2 androidx.compose.ui.text.SaversKt$ClickableSaver$2.INSTANCE -> i
      # {"id":"com.android.tools.r8.residualsignature","signature":"La0/k;"}
    androidx.compose.ui.text.SaversKt$ColorSaver$2 androidx.compose.ui.text.SaversKt$ColorSaver$2.INSTANCE -> j
      # {"id":"com.android.tools.r8.residualsignature","signature":"La0/k;"}
androidx.compose.ui.text.SaversKt$NonNullValueClassSaver$1 -> a0.l:
# {"id":"sourceFile","fileName":"Savers.kt"}
    kotlin.jvm.functions.Function2 $save -> c
      # {"id":"com.android.tools.r8.residualsignature","signature":"LX0/i;"}
    1:3:void <init>(kotlin.jvm.functions.Function2,kotlin.jvm.functions.Function1):75:75 -> <init>
      # {"id":"com.android.tools.r8.residualsignature","signature":"(LW0/e;LW0/c;)V"}
    4:8:void <init>(kotlin.jvm.functions.Function2,kotlin.jvm.functions.Function1):0:0 -> <init>
    1:8:java.lang.Object save(androidx.compose.runtime.saveable.SaverScope,java.lang.Object):76:76 -> a
      # {"id":"com.android.tools.r8.residualsignature","signature":"(Ljava/lang/Object;)Ljava/lang/Object;"}