apps/android-minify-smoke/build/outputs/mapping/release/usage.txt
dev.sinua.minifysmoke.MainActivity:
    public static final java.lang.String TAG
dev.sinua.minifysmoke.R
dev.sinua.minifysmoke.MainActivity$Companion
dev.sinua.minifysmoke.MainActivity$onCreate$1:
    public final void invoke$2()
dev.sinua.minifysmoke.MainActivity:
    public static final int $stable
    public static final dev.sinua.minifysmoke.MainActivity$Companion Companion
    static void <clinit>()
...
androidx.compose.foundation.text.ContextMenu_androidKt$ContextMenuArea$5$1
androidx.compose.foundation.text.ContextMenu_androidKt$ContextMenuArea$6
androidx.compose.foundation.text.ContextMenu_androidKt$TextItem$1
androidx.compose.foundation.text.ContextMenu_androidKt$TextItem$2
androidx.compose.foundation.text.ContextMenu_androidKt
androidx.compose.foundation.text.CoreTextFieldKt$CoreTextField$1
androidx.compose.foundation.text.CoreTextFieldKt$CoreTextField$2$1$1
androidx.compose.foundation.text.CoreTextFieldKt$CoreTextField$2$1$2
androidx.compose.foundation.text.CoreTextFieldKt$CoreTextField$2$1
androidx.compose.foundation.text.CoreTextFieldKt$CoreTextField$3$1$invoke$$inlined$onDispose$1
androidx.compose.foundation.text.CoreTextFieldKt$CoreTextField$3$1
androidx.compose.foundation.text.CoreTextFieldKt$CoreTextField$4$1$invoke$$inlined$onDispose$1
androidx.compose.foundation.text.CoreTextFieldKt$CoreTextField$4$1
androidx.compose.foundation.text.CoreTextFieldKt$CoreTextField$5$1$1$2$measure$2
androidx.compose.foundation.text.CoreTextFieldKt$CoreTextField$5$1$1$2
androidx.compose.foundation.text.CoreTextFieldKt$CoreTextField$5$1$1
androidx.compose.foundation.text.CoreTextFieldKt$CoreTextField$5$1$coreTextFieldModifier$1$1
androidx.compose.foundation.text.CoreTextFieldKt$CoreTextField$5$1
androidx.compose.foundation.text.CoreTextFieldKt$CoreTextField$5
androidx.compose.foundation.text.CoreTextFieldKt$CoreTextField$6
androidx.compose.foundation.text.CoreTextFieldKt$CoreTextField$decorationBoxModifier$1
androidx.compose.foundation.text.CoreTextFieldKt$CoreTextField$drawModifier$1$1
androidx.compose.foundation.text.CoreTextFieldKt$CoreTextField$focusModifier$1$1$1$1
androidx.compose.foundation.text.CoreTextFieldKt$CoreTextField$focusModifier$1$1
androidx.compose.foundation.text.CoreTextFieldKt$CoreTextField$onPositionedModifier$1$1
androidx.compose.foundation.text.CoreTextFieldKt$CoreTextField$pointerModifier$1$1
androidx.compose.foundation.text.CoreTextFieldKt$CoreTextField$pointerModifier$2$1
androidx.compose.foundation.text.CoreTextFieldKt$CoreTextField$scrollerPosition$1$1
androidx.compose.foundation.text.CoreTextFieldKt$CoreTextField$semanticsModifier$1$1$10
androidx.compose.foundation.text.CoreTextFieldKt$CoreTextField$semanticsModifier$1$1$1
androidx.compose.foundation.text.CoreTextFieldKt$CoreTextField$semanticsModifier$1$1$2
androidx.compose.foundation.text.CoreTextFieldKt$CoreTextField$semanticsModifier$1$1$3
androidx.compose.foundation.text.CoreTextFieldKt$CoreTextField$semanticsModifier$1$1$4
androidx.compose.foundation.text.CoreTextFieldKt$CoreTextField$semanticsModifier$1$1$5
androidx.compose.foundation.text.CoreTextFieldKt$CoreTextField$semanticsModifier$1$1$6
androidx.compose.foundation.text.CoreTextFieldKt$CoreTextField$semanticsModifier$1$1$7
androidx.compose.foundation.text.CoreTextFieldKt$CoreTextField$semanticsModifier$1$1$8
androidx.compose.foundation.text.CoreTextFieldKt$CoreTextField$semanticsModifier$1$1$9
androidx.compose.foundation.text.CoreTextFieldKt$CoreTextField$semanticsModifier$1$1
androidx.compose.foundation.text.CoreTextFieldKt$CoreTextField$stylusHandwritingModifier$1$1
androidx.compose.foundation.text.CoreTextFieldKt$CoreTextFieldRootBox$2
androidx.compose.foundation.text.CoreTextFieldKt$SelectionToolbarAndHandles$2
androidx.compose.foundation.text.CoreTextFieldKt$TextFieldCursorHandle$1$1
androidx.compose.foundation.text.CoreTextFieldKt$TextFieldCursorHandle$2$1$1$1
androidx.compose.foundation.text.CoreTextFieldKt$TextFieldCursorHandle$2$1$1$2$1
androidx.compose.foundation.text.CoreTextFieldKt$TextFieldCursorHandle$2$1$1$2
androidx.compose.foundation.text.CoreTextFieldKt$TextFieldCursorHandle$2$1$1
androidx.compose.foundation.text.CoreTextFieldKt$TextFieldCursorHandle$2$1
androidx.compose.foundation.text.CoreTextFieldKt$TextFieldCursorHandle$3$1
androidx.compose.foundation.text.CoreTextFieldKt$TextFieldCursorHandle$4